\BOOKMARK [0][-]{chapter.1}{\376\377\000T\000o\000d\000o\000\040\000L\000i\000s\000t}{}% 1
\BOOKMARK [0][-]{chapter.2}{\376\377\000M\000o\000d\000u\000l\000e\000\040\000I\000n\000d\000e\000x}{}% 2
\BOOKMARK [1][-]{section.2.1}{\376\377\000M\000o\000d\000u\000l\000e\000s}{chapter.2}% 3
\BOOKMARK [0][-]{chapter.3}{\376\377\000D\000a\000t\000a\000\040\000S\000t\000r\000u\000c\000t\000u\000r\000e\000\040\000I\000n\000d\000e\000x}{}% 4
\BOOKMARK [1][-]{section.3.1}{\376\377\000D\000a\000t\000a\000\040\000S\000t\000r\000u\000c\000t\000u\000r\000e\000s}{chapter.3}% 5
\BOOKMARK [0][-]{chapter.4}{\376\377\000F\000i\000l\000e\000\040\000I\000n\000d\000e\000x}{}% 6
\BOOKMARK [1][-]{section.4.1}{\376\377\000F\000i\000l\000e\000\040\000L\000i\000s\000t}{chapter.4}% 7
\BOOKMARK [0][-]{chapter.5}{\376\377\000M\000o\000d\000u\000l\000e\000\040\000D\000o\000c\000u\000m\000e\000n\000t\000a\000t\000i\000o\000n}{}% 8
\BOOKMARK [1][-]{section.5.1}{\376\377\000P\000a\000r\000s\000e\000r\000\040\000E\000r\000r\000o\000r\000s}{chapter.5}% 9
\BOOKMARK [2][-]{subsection.5.1.1}{\376\377\000D\000e\000t\000a\000i\000l\000e\000d\000\040\000D\000e\000s\000c\000r\000i\000p\000t\000i\000o\000n}{section.5.1}% 10
\BOOKMARK [1][-]{section.5.2}{\376\377\000P\000a\000r\000s\000e\000r\000C\000m\000d\000T\000y\000p\000e}{chapter.5}% 11
\BOOKMARK [2][-]{subsection.5.2.1}{\376\377\000D\000e\000t\000a\000i\000l\000e\000d\000\040\000D\000e\000s\000c\000r\000i\000p\000t\000i\000o\000n}{section.5.2}% 12
\BOOKMARK [0][-]{chapter.6}{\376\377\000D\000a\000t\000a\000\040\000S\000t\000r\000u\000c\000t\000u\000r\000e\000\040\000D\000o\000c\000u\000m\000e\000n\000t\000a\000t\000i\000o\000n}{}% 13
\BOOKMARK [1][-]{section.6.1}{\376\377\000c\000o\000n\000n\000e\000c\000t\000i\000o\000n\000\137\000s\000t\000r\000u\000c\000t\000\040\000S\000t\000r\000u\000c\000t\000\040\000R\000e\000f\000e\000r\000e\000n\000c\000e}{chapter.6}% 14
\BOOKMARK [2][-]{subsection.6.1.1}{\376\377\000D\000e\000t\000a\000i\000l\000e\000d\000\040\000D\000e\000s\000c\000r\000i\000p\000t\000i\000o\000n}{section.6.1}% 15
\BOOKMARK [1][-]{section.6.2}{\376\377\000i\000n\000t\000e\000r\000f\000a\000c\000e\000\137\000s\000t\000r\000u\000c\000t\000\040\000S\000t\000r\000u\000c\000t\000\040\000R\000e\000f\000e\000r\000e\000n\000c\000e}{chapter.6}% 16
\BOOKMARK [2][-]{subsection.6.2.1}{\376\377\000D\000e\000t\000a\000i\000l\000e\000d\000\040\000D\000e\000s\000c\000r\000i\000p\000t\000i\000o\000n}{section.6.2}% 17
\BOOKMARK [1][-]{section.6.3}{\376\377\000m\000p\000t\000\137\000a\000d\000d\000r\000\137\000a\000d\000d\000d\000e\000l\000\040\000S\000t\000r\000u\000c\000t\000\040\000R\000e\000f\000e\000r\000e\000n\000c\000e}{chapter.6}% 18
\BOOKMARK [2][-]{subsection.6.3.1}{\376\377\000D\000e\000t\000a\000i\000l\000e\000d\000\040\000D\000e\000s\000c\000r\000i\000p\000t\000i\000o\000n}{section.6.3}% 19
\BOOKMARK [1][-]{section.6.4}{\376\377\000m\000p\000t\000\137\000i\000n\000t\000\137\000u\000p\000d\000o\000w\000n\000\040\000S\000t\000r\000u\000c\000t\000\040\000R\000e\000f\000e\000r\000e\000n\000c\000e}{chapter.6}% 20
\BOOKMARK [2][-]{subsection.6.4.1}{\376\377\000D\000e\000t\000a\000i\000l\000e\000d\000\040\000D\000e\000s\000c\000r\000i\000p\000t\000i\000o\000n}{section.6.4}% 21
\BOOKMARK [1][-]{section.6.5}{\376\377\000p\000a\000t\000h\000\137\000s\000t\000r\000u\000c\000t\000\040\000S\000t\000r\000u\000c\000t\000\040\000R\000e\000f\000e\000r\000e\000n\000c\000e}{chapter.6}% 22
\BOOKMARK [2][-]{subsection.6.5.1}{\376\377\000D\000e\000t\000a\000i\000l\000e\000d\000\040\000D\000e\000s\000c\000r\000i\000p\000t\000i\000o\000n}{section.6.5}% 23
\BOOKMARK [1][-]{section.6.6}{\376\377\000t\000u\000n\000n\000e\000l\000\137\000s\000t\000r\000u\000c\000t\000\040\000S\000t\000r\000u\000c\000t\000\040\000R\000e\000f\000e\000r\000e\000n\000c\000e}{chapter.6}% 24
\BOOKMARK [2][-]{subsection.6.6.1}{\376\377\000D\000e\000t\000a\000i\000l\000e\000d\000\040\000D\000e\000s\000c\000r\000i\000p\000t\000i\000o\000n}{section.6.6}% 25
\BOOKMARK [0][-]{chapter.7}{\376\377\000F\000i\000l\000e\000\040\000D\000o\000c\000u\000m\000e\000n\000t\000a\000t\000i\000o\000n}{}% 26
\BOOKMARK [1][-]{section.7.1}{\376\377\000/\000h\000o\000m\000e\000/\000k\000i\000s\000k\000e\000l\000e\000/\000m\000p\000t\000c\000p\000/\000s\000r\000c\000/\000i\000n\000c\000l\000u\000d\000e\000/\000c\000l\000i\000.\000h\000\040\000F\000i\000l\000e\000\040\000R\000e\000f\000e\000r\000e\000n\000c\000e}{chapter.7}% 27
\BOOKMARK [2][-]{subsection.7.1.1}{\376\377\000D\000e\000t\000a\000i\000l\000e\000d\000\040\000D\000e\000s\000c\000r\000i\000p\000t\000i\000o\000n}{section.7.1}% 28
\BOOKMARK [2][-]{subsection.7.1.2}{\376\377\000M\000a\000c\000r\000o\000\040\000D\000e\000f\000i\000n\000i\000t\000i\000o\000n\000\040\000D\000o\000c\000u\000m\000e\000n\000t\000a\000t\000i\000o\000n}{section.7.1}% 29
\BOOKMARK [3][-]{subsubsection.7.1.2.1}{\376\377\000H\000E\000L\000P}{subsection.7.1.2}% 30
\BOOKMARK [3][-]{subsubsection.7.1.2.2}{\376\377\000H\000E\000L\000P\000\137\000A\000D\000D\000R}{subsection.7.1.2}% 31
\BOOKMARK [3][-]{subsubsection.7.1.2.3}{\376\377\000H\000E\000L\000P\000\137\000D\000E\000L\000E\000T\000E}{subsection.7.1.2}% 32
\BOOKMARK [3][-]{subsubsection.7.1.2.4}{\376\377\000H\000E\000L\000P\000\137\000I\000N\000T}{subsection.7.1.2}% 33
\BOOKMARK [3][-]{subsubsection.7.1.2.5}{\376\377\000H\000E\000L\000P\000\137\000R\000E\000L\000O\000A\000D}{subsection.7.1.2}% 34
\BOOKMARK [3][-]{subsubsection.7.1.2.6}{\376\377\000H\000E\000L\000P\000\137\000S\000A\000V\000E}{subsection.7.1.2}% 35
\BOOKMARK [2][-]{subsection.7.1.3}{\376\377\000F\000u\000n\000c\000t\000i\000o\000n\000\040\000D\000o\000c\000u\000m\000e\000n\000t\000a\000t\000i\000o\000n}{section.7.1}% 36
\BOOKMARK [3][-]{subsubsection.7.1.3.1}{\376\377\000e\000x\000e\000c\000\137\000c\000m\000d}{subsection.7.1.3}% 37
\BOOKMARK [3][-]{subsubsection.7.1.3.2}{\376\377\000p\000a\000r\000s\000e\000\137\000c\000m\000d}{subsection.7.1.3}% 38
\BOOKMARK [1][-]{section.7.2}{\376\377\000/\000h\000o\000m\000e\000/\000k\000i\000s\000k\000e\000l\000e\000/\000m\000p\000t\000c\000p\000/\000s\000r\000c\000/\000m\000p\000t\000l\000i\000b\000/\000c\000l\000i\000.\000c\000\040\000F\000i\000l\000e\000\040\000R\000e\000f\000e\000r\000e\000n\000c\000e}{chapter.7}% 39
\BOOKMARK [2][-]{subsection.7.2.1}{\376\377\000D\000e\000t\000a\000i\000l\000e\000d\000\040\000D\000e\000s\000c\000r\000i\000p\000t\000i\000o\000n}{section.7.2}% 40
\BOOKMARK [2][-]{subsection.7.2.2}{\376\377\000F\000u\000n\000c\000t\000i\000o\000n\000\040\000D\000o\000c\000u\000m\000e\000n\000t\000a\000t\000i\000o\000n}{section.7.2}% 41
\BOOKMARK [3][-]{subsubsection.7.2.2.1}{\376\377\000e\000x\000e\000c\000\137\000c\000m\000d}{subsection.7.2.2}% 42
\BOOKMARK [3][-]{subsubsection.7.2.2.2}{\376\377\000m\000p\000t\000\137\000a\000d\000d\000r\000\137\000a\000d\000d\000d\000e\000l\000\137\000c\000o\000n\000s\000t\000r\000u\000c\000t\000o\000r}{subsection.7.2.2}% 43
\BOOKMARK [3][-]{subsubsection.7.2.2.3}{\376\377\000m\000p\000t\000\137\000a\000d\000d\000r\000\137\000a\000d\000d\000d\000e\000l\000\137\000d\000e\000s\000t\000r\000u\000c\000t\000o\000r}{subsection.7.2.2}% 44
\BOOKMARK [3][-]{subsubsection.7.2.2.4}{\376\377\000m\000p\000t\000\137\000i\000n\000t\000\137\000u\000p\000d\000o\000w\000n\000\137\000c\000o\000n\000s\000t\000r\000u\000c\000t\000o\000r}{subsection.7.2.2}% 45
\BOOKMARK [3][-]{subsubsection.7.2.2.5}{\376\377\000m\000p\000t\000\137\000i\000n\000t\000\137\000u\000p\000d\000o\000w\000n\000\137\000d\000e\000s\000t\000r\000u\000c\000t\000o\000r}{subsection.7.2.2}% 46
\BOOKMARK [3][-]{subsubsection.7.2.2.6}{\376\377\000p\000a\000r\000s\000e\000\137\000c\000m\000d}{subsection.7.2.2}% 47
\BOOKMARK [3][-]{subsubsection.7.2.2.7}{\376\377\000p\000a\000r\000s\000e\000r}{subsection.7.2.2}% 48
\BOOKMARK [3][-]{subsubsection.7.2.2.8}{\376\377\000s\000a\000v\000e\000\137\000m\000a\000t\000c\000h}{subsection.7.2.2}% 49
